\BOOKMARK [1][-]{section.1}{\376\377\000P\000r\000e\000z\000e\000n\000t\000a\000r\000e\000\040\000b\000a\000z\000a\000\040\000d\000e\000\040\000d\000a\000t\000e}{}% 1
\BOOKMARK [2][-]{subsection.1.1}{\376\377\000D\000e\000s\000c\000r\000i\000e\000r\000e\000a\000\040\000M\000o\000d\000e\000l\000u\000l\000u\000i}{section.1}% 2
\BOOKMARK [2][-]{subsection.1.2}{\376\377\000C\000o\000n\000s\000t\000r\000\342\000n\000g\000e\000r\000i}{section.1}% 3
\BOOKMARK [1][-]{section.2}{\376\377\000D\000i\000a\000g\000r\000a\000m\000a\000\040\000E\000n\000t\000i\000t\000a\000t\000e\000-\000R\000e\000l\000a\002\033\000i\000e}{}% 4
\BOOKMARK [1][-]{section.3}{\376\377\000D\000i\000a\000g\000r\000a\000m\000a\000\040\000C\000o\000n\000c\000e\000p\000t\000u\000a\000l\001\003}{}% 5
\BOOKMARK [1][-]{section.4}{\376\377\000I\000m\000p\000l\000e\000m\000e\000n\000t\000a\000r\000e\000a\000\040\000B\000a\000z\000e\000i\000\040\000d\000e\000\040\000D\000a\000t\000e}{}% 6
\BOOKMARK [2][-]{subsection.4.1}{\376\377\000C\000o\000d\000\040\000S\000Q\000L}{section.4}% 7
\BOOKMARK [2][-]{subsection.4.2}{\376\377\000C\000a\000p\000t\000u\000r\000i\000\040\000d\000e\000\040\000E\000c\000r\000a\000n}{section.4}% 8
\BOOKMARK [1][-]{section.5}{\376\377\000P\000o\000p\000u\000l\000a\000r\000e\000a\000\040\000B\000a\000z\000e\000i\000\040\000d\000e\000\040\000D\000a\000t\000e}{}% 9
\BOOKMARK [2][-]{subsection.5.1}{\376\377\000C\000o\000d\000\040\000I\000n\000s\000e\000r\000a\000r\000e}{section.5}% 10
\BOOKMARK [2][-]{subsection.5.2}{\376\377\000C\000a\000p\000t\000u\000r\001\003\000\040\000d\000e\000\040\000E\000c\000r\000a\000n}{section.5}% 11
\BOOKMARK [1][-]{section.6}{\376\377\000P\000r\000o\000b\000l\000e\000m\000a\000\040\000-\000\040\000C\000o\000l\000e\000c\002\033\000i\000i\000\040\000d\000e\000\040\000D\000a\000t\000e}{}% 12
\BOOKMARK [2][-]{subsection.6.1}{\376\377\000C\000e\000r\000i\000n\002\033\001\003}{section.6}% 13
\BOOKMARK [2][-]{subsection.6.2}{\376\377\000R\000e\000z\000o\000l\000v\000a\000r\000e}{section.6}% 14
\BOOKMARK [2][-]{subsection.6.3}{\376\377\000C\000a\000p\000t\000u\000r\001\003\000\040\000d\000e\000\040\000E\000c\000r\000a\000n}{section.6}% 15
\BOOKMARK [1][-]{section.7}{\376\377\000P\000r\000o\000b\000l\000e\000m\001\003\000\040\000-\000\040\000C\000u\000r\000s\000o\000a\000r\000e}{}% 16
\BOOKMARK [2][-]{subsection.7.1}{\376\377\000C\000e\000r\000i\000n\002\033\001\003}{section.7}% 17
\BOOKMARK [2][-]{subsection.7.2}{\376\377\000R\000e\000z\000o\000l\000v\000a\000r\000e}{section.7}% 18
\BOOKMARK [2][-]{subsection.7.3}{\376\377\000C\000a\000p\000t\000u\000r\000a\000\040\000d\000e\000\040\000E\000c\000r\000a\000n}{section.7}% 19
\BOOKMARK [1][-]{section.8}{\376\377\000P\000r\000o\000b\000l\000e\000m\000a\000\040\000-\000\040\000E\000x\000c\000e\000p\002\033\000i\000i}{}% 20
\BOOKMARK [2][-]{subsection.8.1}{\376\377\000C\000e\000r\000i\000n\002\033\001\003}{section.8}% 21
\BOOKMARK [2][-]{subsection.8.2}{\376\377\000R\000e\000z\000o\000l\000v\000a\000r\000e}{section.8}% 22
\BOOKMARK [2][-]{subsection.8.3}{\376\377\000C\000a\000p\000t\000u\000r\001\003\000\040\000d\000e\000\040\000E\000c\000r\000a\000n}{section.8}% 23
\BOOKMARK [1][-]{section.9}{\376\377\000P\000r\000o\000b\000l\000e\000m\001\003\000\040\000-\000\040\000S\000u\000b\000p\000r\000o\000g\000r\000a\000m\000\040\000d\000e\000\040\000T\000i\000p\000\040\000P\000r\000o\000c\000e\000d\000u\000r\000a}{}% 24
\BOOKMARK [2][-]{subsection.9.1}{\376\377\000C\000e\000r\000i\000n\002\033\001\003}{section.9}% 25
\BOOKMARK [2][-]{subsection.9.2}{\376\377\000R\000e\000z\000o\000l\000v\000a\000r\000e}{section.9}% 26
\BOOKMARK [2][-]{subsection.9.3}{\376\377\000C\000a\000p\000t\000u\000r\001\003\000\040\000d\000e\000\040\000E\000c\000r\000a\000n}{section.9}% 27
\BOOKMARK [1][-]{section.10}{\376\377\000P\000r\000o\000b\000l\000e\000m\001\003\000\040\000-\000\040\000T\000r\000i\000g\000g\000e\000r\000\040\000L\000M\000D\000\040\000l\000a\000\040\000n\000i\000v\000e\000l\000\040\000d\000e\000\040\000c\000o\000m\000a\000n\000d\000a}{}% 28
\BOOKMARK [2][-]{subsection.10.1}{\376\377\000C\000e\000r\000i\000n\002\033\001\003}{section.10}% 29
\BOOKMARK [2][-]{subsection.10.2}{\376\377\000R\000e\000z\000o\000l\000v\000a\000r\000e}{section.10}% 30
\BOOKMARK [2][-]{subsection.10.3}{\376\377\000C\000a\000p\000t\000u\000r\001\003\000\040\000d\000e\000\040\000E\000c\000r\000a\000n}{section.10}% 31
\BOOKMARK [1][-]{section.11}{\376\377\000P\000r\000o\000b\000l\000e\000m\001\003\000\040\000-\000\040\000T\000r\000i\000g\000g\000e\000r\000\040\000L\000M\000D\000\040\000l\000a\000\040\000n\000i\000v\000e\000l\000\040\000d\000e\000\040\000l\000i\000n\000i\000e}{}% 32
\BOOKMARK [2][-]{subsection.11.1}{\376\377\000C\000e\000r\000i\000n\002\033\001\003}{section.11}% 33
\BOOKMARK [2][-]{subsection.11.2}{\376\377\000R\000e\000z\000o\000l\000v\000a\000r\000e}{section.11}% 34
\BOOKMARK [2][-]{subsection.11.3}{\376\377\000C\000a\000p\000t\000u\000r\001\003\000\040\000d\000e\000\040\000E\000c\000r\000a\000n}{section.11}% 35
\BOOKMARK [1][-]{section.12}{\376\377\000P\000r\000o\000b\000l\000e\000m\000a\000\040\000-\000\040\000T\000r\000i\000g\000g\000e\000r\000\040\000L\000D\000D}{}% 36
\BOOKMARK [2][-]{subsection.12.1}{\376\377\000C\000e\000r\000i\000n\002\033\001\003}{section.12}% 37
\BOOKMARK [2][-]{subsection.12.2}{\376\377\000R\000e\000z\000o\000l\000v\000a\000r\000e}{section.12}% 38
\BOOKMARK [2][-]{subsection.12.3}{\376\377\000C\000a\000p\000t\000u\000r\001\003\000\040\000d\000e\000\040\000E\000c\000r\000a\000n}{section.12}% 39
\BOOKMARK [1][-]{section.13}{\376\377\000O\000p\002\033\000i\000o\000n\000a\000l\000\040\000-\000\040\000D\000e\000f\000i\000n\000i\000r\000e\000\040\000P\000a\000c\000h\000e\000t\000\040\0001}{}% 40
\BOOKMARK [2][-]{subsection.13.1}{\376\377\000C\000o\000d\000\040\000S\000Q\000L}{section.13}% 41
\BOOKMARK [2][-]{subsection.13.2}{\376\377\000E\000x\000e\000m\000p\000l\000u\000\040\000E\000x\000e\000c\000u\002\033\000i\000e}{section.13}% 42
\BOOKMARK [2][-]{subsection.13.3}{\376\377\000C\000a\000p\000t\000u\000r\001\003\000\040\000d\000e\000\040\000E\000c\000r\000a\000n}{section.13}% 43
\BOOKMARK [1][-]{section.14}{\376\377\000O\000p\002\033\000i\000o\000n\000a\000l\000\040\000-\000\040\000D\000e\000f\000i\000n\000i\000r\000e\000\040\000P\000a\000c\000h\000e\000t\000\040\0002}{}% 44
\BOOKMARK [2][-]{subsection.14.1}{\376\377\000C\000e\000r\000i\000n\000t\000a}{section.14}% 45
\BOOKMARK [2][-]{subsection.14.2}{\376\377\000R\000e\000z\000o\000l\000v\000a\000r\000e}{section.14}% 46
\BOOKMARK [2][-]{subsection.14.3}{\376\377\000C\000a\000p\000t\000u\000r\000a\000\040\000d\000e\000\040\000E\000c\000r\000a\000n}{section.14}% 47
